['K-6', 'P']
['K-6', 'P']
['K-5', 'P']
['K', 'P']
['K-1', 'P']
['K-2', 'P']
['H', 'P']
['9-12', 'SN']
['K-5', 'P']
['K-3', 'P']
['9-12', 'SN']
['K-6', 'P']
['K-6', 'P']
['K-6', 'P']
['K-5', 'P']
['K-5', 'P']
['K-3', 'P']
['P', '6-8']
['K-4', 'P']
['K-6', 'P']
['K-1', 'P']
['K-6', 'P']
['K-6', 'P']
['K-6', 'P']
['K-6', 'P']
['P', '4-6']
['7-8', 'SN']
['9-12', 'SN']
['K-5', 'P']
['P', 'K', '1-5', 'S']
['6-12', 'SN']
['K-6', 'P']
['K-6', 'P']
['K-5', 'P']
['K-5', 'P']
['K-3', 'P']
['P', 'K-8']
['P', 'K-8']
['K-6', 'P']
['K-6', 'P']
['P', 'K-8']
['P', 'K-8']
['P', 'K-8']
['K-6', 'P']
['K-12', 'P']
['P', 'K-8']
['P', 'K-8']
['P', 'K-8']
['P', 'K-8']
['K-6', 'P']
['K-6', 'P']
['K-6', 'P']
['P', 'K-8']
['P', 'K-8']
['P', 'K-8']
['K-6', 'P']
['P', 'K-8']
['P', 'K-8']
['P', 'K-8']
['P', 'K-8']
['P', 'K-8']
['P', 'K-8']
['K-12', 'P']
['P', 'K-8']
['K-6', 'P']
['P', 'K-8']
['P', 'K-8']
['K-6', 'P']
['P', 'K-8']
['P', 'K-8']
['P', 'K-8']
['K', 'P']
['P', '4-6']
['K-3', 'P']
['K-4', 'P']
['P', 'K-8']
['P', 'K-8']
['P', 'K-8']
['P', 'K-8']
['P', 'K-8']
['P', 'K-8']
['P', 'K-8']
['P', 'K-8']
['P', 'K-8']
['P', 'K-8']
['P', 'K-8']
['K-6', 'P']
['K-3', 'P']
['P', 'K-8']
['P', 'K-8']
['P', 'K-8']
['P', 'K-8']
['P', 'K-8']
['P', 'K-8']
['P', 'K-8']
['P', 'K-8']
['P', 'K-8']
['P', 'K-8']
['P', 'K-8']
['K-5', 'P']
['P', 'K-8']
['K-5', 'P']
['P', 'K-8']
['P', 'K-8']
['P', 'K-8']
['P', 'K-8']
['P', 'K-8']
['P', 'K-8']
['P', 'K-8']
['K-5', 'P']
['P', 'K-8']
['P', 'K-8']
['P', 'K-8']
['P', 'K-8']
['K-5', 'P']
['K-5', 'P']
['K-5', 'P']
['K-5', 'P']
['K-5', 'P']
['K-5', 'P']
['K-5', 'P']
['K-5', 'P']
['K-5', 'P']
['K-5', 'P']
['K-5', 'P']
['K-5', 'P']
['K-5', 'P']
['K-6', 'P']
['K-6', 'P']
['K-6', 'P']
['K-6', 'P']
['P', 'K-8']
['K-5', 'P']
['K-5', 'P']
['K-5', 'P']
['K-5', 'P']
['K-5', 'P']
['K-5', 'P']
['K-5', 'P']
['K-5', 'P']
['K-5', 'P']
['K-5', 'P']
['K-5', 'P']
['K-5', 'P']
['K-5', 'P']
['K-5', 'P']
['K-5', 'P']
['K-5', 'P']
['K-5', 'P']
['K-5', 'P']
['K-5', 'P']
['K-5', 'P']
['K-5', 'P']
['K-5', 'P']
['K-5', 'P']
['K-5', 'P']
['K-5', 'P']
['K-5', 'P']
['K-4', 'P']
['K-6', 'P']
['K-2', 'P']
['K-5', 'P']
['K-3', 'P']
['K-2', 'P']
['K-5', 'P']
['P', 'K-8']
['P', 'K-8']
['P', 'K-8']
['K', '1-12', 'SN']
['H', 'P', 'K', '1-8']
['P', 'K-8']
['P', 'K-8']
['P', 'K-8']
['P', 'K-8']
['P', 'K-8']
['P', 'K-8']
['P', 'K-8']
['P', 'K-8']
['P', 'K-8']
['P', 'K-8']
['P', 'K-8']
['P', 'K-8']
['P', 'K-8']
['P', 'K-8']
['P', 'K-8']
['P', 'K', '1-7']
['P', 'K-8']
['K-5', 'P']
['K-5', 'P']
['K-5', 'P']
['K-5', 'P']
['K-5', 'P']
['K-5', 'P']
['K-6', 'P']
['H', 'P', 'K', '1-5']
['K-6', 'P']
['K-5', 'P']
['P', 'K-8']
['K-4', 'P']
['K-4', 'P']
['K-4', 'P']
['K', 'P']
['K-5', 'P']
['K-3', 'P']
['9-10', '12']
['5-6', '8-9']
['D', 'P', 'K']
['K-6', 'P']
['K-5', 'P']
['H', 'P', 'K', '1-4']
['K-5', 'P']
['K', 'P']
['K-5', 'P']
['K-2', 'P']
['K-5', 'P']
['K-5', 'P']
['K-5', 'P']
['K-5', 'P']
['K-6', 'P']
['K-5', 'P']
['K-5', 'P']
['K', 'P']
['K-5', 'P']
['K-12', 'P']
['K-6', 'P']
['K-6', 'P']
['K-6', 'P']
['K-6', 'P']
['K-6', 'P']
['K-6', 'P']
['K-5', 'P']
['K-1', 'P']
['K-5', 'P']
['K-5', 'P']
['K-3', 'P']
['K-2', 'P']
['K-4', 'P']
['9-12', 'PS', 'SN']
['P', 'K', '1-5', 'S']
['6-8', 'SN']
['P', 'K', '1-5', 'S']
['K', '4-5']
['K', 'P']
['K-5', 'P']
['K', 'P']
['P', 'K', '1', 'UNG']
['9-12', 'UNG']
['K', '1-5', 'SN']
['K', '1-5', 'SN']
['P', 'K', '1-5', 'SN']
['K', 'P']
['K', '1-5', 'SN']
['K-2', 'P']
['H', 'K', '1-5']
['K', '1-8', 'SN']
['K-6', 'P']
['K-4', 'P']
['K-4', 'P']
['K-4', 'P']
['K-4', 'P']
['K-4', 'P']
['K-5', 'P']
['K-5', 'P']
['K-6', 'P']
['K-5', 'P']
['K-5', 'P']
['K-1', 'P']
['K-5', 'P']
['K-5', 'P']
['P', 'K', '1-6', 'SN']
['7-12', 'PS']
['K-6', 'P']
['K-3', 'P']
['K-3', 'P']
['K-3', 'P']
['9-12', 'SN']
['K-3', 'P']
['K-2', 'P']
['K-1', 'P']
['P', '6']
['K', '1-5', 'SN']
['K-5', 'P']
['K-5', 'P']
['K-5', 'P']
['K-5', 'P']
['K-5', 'P']
['K-4', 'P']
['K-1', 'P']
['K-4', 'P']
['K-4', 'P']
['P', 'K', '1-5', 'SN']
['K-5', 'P']
['4-12', 'SN']
['K-5', 'P']
['K-5', 'P']
['K-5', 'P']
['K-5', 'P']
['P', 'K-8']
['K', 'P']
['K-5', 'P']
['K-5', 'P']
['K-5', 'P']
['3', '5-8']
['K-6', 'P']
['K-2', 'P']
['K-6', 'P']
['K-6', 'P']
['K-6', 'P']
['K-5', 'P']
['K-5', 'P']
['K-6', 'P']
['K-2', 'P']
['K-5', 'P']
['K-5', 'P']
['K-5', 'P']
['K-1', 'P']
['P', '2-5']
['P', 'K-8']
['K', 'P']
['K-5', 'P']
['K-4', 'P']
['P', '4-6']
['K', 'P']
['K-5', 'P']
['K', 'P']
['K-2', 'P']
['K-5', 'P']
['K-4', 'P']
['K-1', 'P']
['K-4', 'P']
['K-2', 'P']
['K-6', 'P']
['K-5', 'P']
['K-5', 'P']
['K-5', 'P']
['K-5', 'P']
['K', 'P']
['K-5', 'P']
['K-5', 'P']
['K-5', 'P']
['P', '9-12']
['K-4', 'P']
['K', '1-5', 'SN']
['P', 'K', '1-5', 'SN']
['9-12', 'UNG']
['9-12', 'UNG']
['9-12', 'UNG']
['K-6', 'P']
['P', 'K-8']
['K-3', 'P']
['K-5', 'P']
['K-5', 'P']
['K-5', 'P']
['K-5', 'P']
['K-5', 'P']
['K-5', 'P']
['K-5', 'P']
['K-5', 'P']
['K-3', 'P']
['9-12', 'PS', 'SN']
['K', '1-5', 'SN']
['P', 'K', '1-5', 'SN']
['K', '1-5', 'SN']
['K-5', 'P']
['K-5', 'P']
['K-1', 'P']
['K', '1-4', 'UNG']
['K', '1-4', 'UNG']
['K-4', 'P']
['K-3', 'P']
['H', 'K', '1-4']
['K-6', 'P']
['7-12', 'PS', 'UN']
['K-3', 'P']
['K-4', 'P']
['K-2', 'P']
['P', 'K', '1-5', 'SN']
['5-8', 'SN']
['P', 'K', '1-5', 'SN']
['P', 'K', '1-7', 'SN']
['8-12', 'SN']
['9-12', 'UNG']
['K', '1-8', 'SN']
['K', '1-8', 'SN']
['K', '1-8', 'SN']
['K', '1-8', 'SN']
['SN', 'K-6']
['9-12', 'PS', 'SN']
['K', '1-8', 'SN']
['9-12', 'PS', 'SN']
['7-12', 'PS', 'SN']
['K-5', 'P']
['K-5', 'P']
['K-5', 'P']
['K-5', 'P']
['K-5', 'P']
['H', 'P', 'K', '1']
['K-2', 'P']
['K-4', 'P']
['K-1', 'P']
['P', 'K', '1', 'SN']
['5-8', 'SN']
['9-12', 'UNG']
['2-4', 'SN']
['K-5', 'P']
['K-5', 'P']
['K-5', 'P']
['9-12', 'SN']
['K-4', 'P']
['K', '1-4', 'SN']
['P', 'K-8']
['P', 'K-8']
['K-6', 'P']
['K-6', 'P']
['K-6', 'P']
['K-2', 'P']
['K-3', 'P']
['K-4', 'P']
['K-2', 'P']
['K-5', 'P']
['K-5', 'P']
['K-5', 'P']
['K-5', 'P']
['K-5', 'P']
['K-5', 'P']
['K-5', 'P']
['K-2', 'P']
['K', '1-2', 'UNG']
['3-5', 'UNG']
['9-12', 'UNG']
['6-8', 'UNG']
['D', 'P']
['K', '1-12', 'UNG']
['P', 'K-8']
['P', 'K-8']
